<?xml version="1.0" encoding="UTF-8"?>
<testng-results ignored="0" total="1" passed="1" failed="0" skipped="0">
  <reporter-output>
  </reporter-output>
  <suite started-at="2022-03-07T08:01:03 IST" name="Default suite" finished-at="2022-03-07T08:01:16 IST" duration-ms="13191">
    <groups>
    </groups>
    <test started-at="2022-03-07T08:01:03 IST" name="Default test" finished-at="2022-03-07T08:01:16 IST" duration-ms="13191">
      <class name="Login">
        <test-method is-config="true" signature="initialise()[pri:0, instance:Login@6c64cb25]" started-at="2022-03-07T08:01:03 IST" name="initialise" finished-at="2022-03-07T08:01:08 IST" duration-ms="5526" status="PASS">
          <reporter-output>
          </reporter-output>
        </test-method> <!-- initialise -->
        <test-method signature="login(java.lang.String,java.lang.String)[pri:0, instance:Login@6c64cb25]" started-at="2022-03-07T08:01:08 IST" name="login" data-provider="getData" finished-at="2022-03-07T08:01:16 IST" duration-ms="7620" status="PASS">
          <params>
            <param index="0">
              <value>
                <![CDATA[admin]]>
              </value>
            </param>
            <param index="1">
              <value>
                <![CDATA[123456]]>
              </value>
            </param>
          </params>
          <reporter-output>
          </reporter-output>
        </test-method> <!-- login -->
      </class> <!-- Login -->
    </test> <!-- Default test -->
  </suite> <!-- Default suite -->
</testng-results>
